<?xml version="1.0" encoding="UTF-8"?>
<!-- Generated by org.testng.reporters.JUnitReportReporter -->
<testsuite hostname="DESKTOP-REHK3R4" name="runner.TestRunner" tests="1" failures="0" timestamp="20 Nov 2019 17:58:13 GMT" time="25.351" errors="0">
  <testcase name="feature" time="25.351" classname="runner.TestRunner"/>
</testsuite> <!-- runner.TestRunner -->
